Arguments: 
  C:\Program Files\nodejs\node.exe C:\Users\Tucker\AppData\Roaming\npm\node_modules\yarn\bin\yarn.js init

PATH: 
  C:\Program Files\Eclipse Adoptium\jdk-17.0.2.8-hotspot\bin;C:\Program Files\Common Files\Oracle\Java\javapath;C:\windows\system32;C:\windows;C:\windows\System32\Wbem;C:\windows\System32\WindowsPowerShell\v1.0\;C:\windows\System32\OpenSSH\;C:\Program Files\PuTTY\;C:\Program Files\Microsoft VS Code\bin;C:\Program Files\Git\cmd;C:\Program Files\nodejs\;C:\ProgramData\chocolatey\bin;C:\minikube;C:\Program Files\Go\bin;C:\Users\Tucker\apache-cassandra-4.0.4\bin;;C:\Program Files\Docker\Docker\resources\bin;C:\ProgramData\DockerDesktop\version-bin;C:\Users\Tucker\AppData\Local\Programs\Python\Python310\Scripts\;C:\Users\Tucker\AppData\Local\Programs\Python\Python310\;C:\Users\Tucker\AppData\Local\Microsoft\WindowsApps;C:\Users\Tucker\anaconda3\condabin;C:\Program Files\MongoDB\Server\5.0\bin;C:\Users\Tucker\AppData\Roaming\npm;C:\Users\Tucker\Documents\flutter\bin;C:\TDM-GCC-64\bin;C:\msys64\mingw64\bin;C:\msys64\usr\bin;C:\proto\bin;C:\Program Files\PostgreSQL\14\bin;C:\powershell_commands;C:\Users\Tucker\Documents\upx-3.96-win64;C:\kubernetes;C:\minikube;C:\Users\Tucker\.krew\bin;C:\Users\Tucker\AppData\Local\GitHubDesktop\bin;C:\helm;C:\Users\Tucker\go\bin;C:\Users\Tucker\apache-cassandra-4.0.4\bin;C:\bazel;C:\aliases;

Yarn version: 
  1.22.18

Node version: 
  16.13.0

Platform: 
  win32 x64

Trace: 
  Error: canceled
      at Interface.<anonymous> (C:\Users\Tucker\AppData\Roaming\npm\node_modules\yarn\lib\cli.js:137143:13)
      at Interface.emit (node:events:390:28)
      at Interface._ttyWrite (node:readline:1081:16)
      at ReadStream.onkeypress (node:readline:288:10)
      at ReadStream.emit (node:events:390:28)
      at emitKeys (node:internal/readline/utils:358:14)
      at emitKeys.next (<anonymous>)
      at ReadStream.onData (node:internal/readline/emitKeypressEvents:61:36)
      at ReadStream.emit (node:events:390:28)
      at addChunk (node:internal/streams/readable:315:12)

npm manifest: 
  No manifest

yarn manifest: 
  No manifest

Lockfile: 
  No lockfile
